Using pre-set license
Built from '2021.1/release' branch; Version is '2021.1.1f1 (6fdc41dfa55a) revision 7330881'; Using compiler version '192528614'; Build Type 'Release'
OS: 'Windows 10 Home; OS build 19042.985; Version 2009; 64bit' Language: 'ja' Physical Memory: 16238 MB
BatchMode: 1, IsHumanControllingUs: 0, StartBugReporterOnCrash: 0, Is64bit: 1, IsPro: 0

 COMMAND LINE ARGUMENTS:
C:\Program Files\Unity\Hub\Editor\2021.1.1f1\Editor\Unity.exe
-adb2
-batchMode
-noUpm
-name
AssetImportWorker0
-projectPath
C:/Users/xyz11/SideGame
-logFile
Logs/AssetImportWorker0.log
-srvPort
51267
Successfully changed project path to: C:/Users/xyz11/SideGame
C:/Users/xyz11/SideGame
Using Asset Import Pipeline V2.
Refreshing native plugins compatible for Editor in 83.14 ms, found 2 plugins.
Preloading 0 native plugins for Editor in 0.00 ms.
Initialize engine version: 2021.1.1f1 (6fdc41dfa55a)
[Subsystems] Discovering subsystems at path C:/Program Files/Unity/Hub/Editor/2021.1.1f1/Editor/Data/Resources/UnitySubsystems
[Subsystems] Discovering subsystems at path C:/Users/xyz11/SideGame/Assets
GfxDevice: creating device client; threaded=0; jobified=0
Direct3D:
    Version:  Direct3D 11.0 [level 11.1]
    Renderer: Intel(R) UHD Graphics (ID=0x9b41)
    Vendor:   Intel
    VRAM:     8119 MB
    Driver:   27.20.100.9126
Initialize mono
Mono path[0] = 'C:/Program Files/Unity/Hub/Editor/2021.1.1f1/Editor/Data/Managed'
Mono path[1] = 'C:/Program Files/Unity/Hub/Editor/2021.1.1f1/Editor/Data/MonoBleedingEdge/lib/mono/unityjit'
Mono config path = 'C:/Program Files/Unity/Hub/Editor/2021.1.1f1/Editor/Data/MonoBleedingEdge/etc'
Using monoOptions --debugger-agent=transport=dt_socket,embedding=1,server=y,suspend=n,address=127.0.0.1:56308
Begin MonoManager ReloadAssembly
Registering precompiled unity dll's ...
Register platform support module: C:/Program Files/Unity/Hub/Editor/2021.1.1f1/Editor/Data/PlaybackEngines/WindowsStandaloneSupport/UnityEditor.WindowsStandalone.Extensions.dll
Registered in 0.001634 seconds.
Native extension for WindowsStandalone target not found
Refreshing native plugins compatible for Editor in 83.49 ms, found 2 plugins.
Preloading 0 native plugins for Editor in 0.00 ms.
Mono: successfully reloaded assembly
- Completed reload, in  1.543 seconds
Platform modules already initialized, skipping
Registering precompiled user dll's ...
Registered in 0.002761 seconds.
Begin MonoManager ReloadAssembly
Native extension for WindowsStandalone target not found
Refreshing native plugins compatible for Editor in 85.43 ms, found 2 plugins.
Preloading 0 native plugins for Editor in 0.00 ms.
Mono: successfully reloaded assembly
- Completed reload, in  1.046 seconds
Platform modules already initialized, skipping
========================================================================
Worker process is ready to serve import requests
Launched and connected shader compiler UnityShaderCompiler.exe after 0.03 seconds
Refreshing native plugins compatible for Editor in 0.59 ms, found 2 plugins.
Preloading 0 native plugins for Editor in 0.00 ms.
Unloading 3378 Unused Serialized files (Serialized files now loaded: 0)
System memory in use before: 132.5 MB.
System memory in use after: 132.6 MB.

Unloading 29 unused Assets to reduce memory usage. Loaded Objects now: 3832.
Total: 6.310800 ms (FindLiveObjects: 0.575700 ms CreateObjectMapping: 0.449000 ms MarkObjects: 5.022300 ms  DeleteObjects: 0.261900 ms)

========================================================================
Received Import Request.
  path: Assets/Prefab/shell.prefab
  artifactKey: Guid(dc90efefd11221e4c9e14af5e9f41b66) Importer(815301076,1909f56bfc062723c751e8b465ee728b)
Start importing Assets/Prefab/shell.prefab using Guid(dc90efefd11221e4c9e14af5e9f41b66) Importer(815301076,1909f56bfc062723c751e8b465ee728b)  -> (artifact id: '12dee621fe3b330254a1773ceb92c11d') in 0.097378 seconds 
========================================================================
Received Import Request.
  Time since last request: 32.711289 seconds.
  path: Assets/Prefab/block1x2.prefab
  artifactKey: Guid(ef3a94a3f0d3d4148bd68031c9a094e2) Importer(815301076,1909f56bfc062723c751e8b465ee728b)
Start importing Assets/Prefab/block1x2.prefab using Guid(ef3a94a3f0d3d4148bd68031c9a094e2) Importer(815301076,1909f56bfc062723c751e8b465ee728b)  -> (artifact id: '3ad2d5009b3e9120ec69a2e7cea4bdab') in 0.015421 seconds 
========================================================================
Received Import Request.
  Time since last request: 4.005455 seconds.
  path: Assets/Prefab/block2x1.prefab
  artifactKey: Guid(51e2a3d475d7638448f188bca62c8eda) Importer(815301076,1909f56bfc062723c751e8b465ee728b)
Start importing Assets/Prefab/block2x1.prefab using Guid(51e2a3d475d7638448f188bca62c8eda) Importer(815301076,1909f56bfc062723c751e8b465ee728b)  -> (artifact id: 'f65769502d56d2f913ba06da36250407') in 0.017142 seconds 
========================================================================
Received Import Request.
  Time since last request: 19.336082 seconds.
  path: Assets/Prefab/cannon 1.prefab
  artifactKey: Guid(bb044c0b8c340e64ba04420eee2b914e) Importer(815301076,1909f56bfc062723c751e8b465ee728b)
Start importing Assets/Prefab/cannon 1.prefab using Guid(bb044c0b8c340e64ba04420eee2b914e) Importer(815301076,1909f56bfc062723c751e8b465ee728b)  -> (artifact id: '776b9cfd0a95a899f55f921040dcadfd') in 0.015924 seconds 
========================================================================
Received Import Request.
  Time since last request: 46.686108 seconds.
  path: Assets/Prefab/Switch.prefab
  artifactKey: Guid(e79ba915c08b4114eb61bc66eecbd0e5) Importer(815301076,1909f56bfc062723c751e8b465ee728b)
Start importing Assets/Prefab/Switch.prefab using Guid(e79ba915c08b4114eb61bc66eecbd0e5) Importer(815301076,1909f56bfc062723c751e8b465ee728b)  -> (artifact id: '014199aa48be8ad4e6553c55058f11ee') in 0.015131 seconds 
========================================================================
Received Import Request.
  Time since last request: 18.993699 seconds.
  path: Assets/Prefab/player.prefab
  artifactKey: Guid(1004cea2a6a8b6348b84bf3542cda168) Importer(815301076,1909f56bfc062723c751e8b465ee728b)
Start importing Assets/Prefab/player.prefab using Guid(1004cea2a6a8b6348b84bf3542cda168) Importer(815301076,1909f56bfc062723c751e8b465ee728b)  -> (artifact id: 'b8a948425997507adebbdfc6a08a1ea4') in 0.020683 seconds 
========================================================================
Received Import Request.
  Time since last request: 8.080675 seconds.
  path: Assets/Prefab/cannon.prefab
  artifactKey: Guid(d3bda3d4c6e6f45469030ddc687fc490) Importer(815301076,1909f56bfc062723c751e8b465ee728b)
Start importing Assets/Prefab/cannon.prefab using Guid(d3bda3d4c6e6f45469030ddc687fc490) Importer(815301076,1909f56bfc062723c751e8b465ee728b)  -> (artifact id: '12cd0b75b3dc54ecb2003ff24dffb95b') in 0.016398 seconds 
========================================================================
Received Prepare
Registering precompiled user dll's ...
Registered in 0.004782 seconds.
Begin MonoManager ReloadAssembly
Native extension for WindowsStandalone target not found
Refreshing native plugins compatible for Editor in 0.66 ms, found 2 plugins.
Preloading 0 native plugins for Editor in 0.00 ms.
Mono: successfully reloaded assembly
- Completed reload, in  0.956 seconds
Platform modules already initialized, skipping
Refreshing native plugins compatible for Editor in 0.62 ms, found 2 plugins.
Preloading 0 native plugins for Editor in 0.00 ms.
Unloading 3373 Unused Serialized files (Serialized files now loaded: 0)
System memory in use before: 136.2 MB.
System memory in use after: 136.3 MB.

Unloading 17 unused Assets to reduce memory usage. Loaded Objects now: 3843.
Total: 3.001300 ms (FindLiveObjects: 0.349900 ms CreateObjectMapping: 0.135600 ms MarkObjects: 2.428400 ms  DeleteObjects: 0.086200 ms)

========================================================================
Received Import Request.
  Time since last request: 286.297665 seconds.
  path: Assets/Prefab/Switch.prefab
  artifactKey: Guid(e79ba915c08b4114eb61bc66eecbd0e5) Importer(815301076,1909f56bfc062723c751e8b465ee728b)
Start importing Assets/Prefab/Switch.prefab using Guid(e79ba915c08b4114eb61bc66eecbd0e5) Importer(815301076,1909f56bfc062723c751e8b465ee728b)  -> (artifact id: '886763b9ec530a9caad02b460f8231e0') in 0.061428 seconds 
========================================================================
Received Prepare
Registering precompiled user dll's ...
Registered in 0.002720 seconds.
Begin MonoManager ReloadAssembly
Native extension for WindowsStandalone target not found
Refreshing native plugins compatible for Editor in 0.65 ms, found 2 plugins.
Preloading 0 native plugins for Editor in 0.00 ms.
Mono: successfully reloaded assembly
- Completed reload, in  0.999 seconds
Platform modules already initialized, skipping
Refreshing native plugins compatible for Editor in 0.63 ms, found 2 plugins.
Preloading 0 native plugins for Editor in 0.00 ms.
Unloading 3373 Unused Serialized files (Serialized files now loaded: 0)
System memory in use before: 136.2 MB.
System memory in use after: 136.3 MB.

Unloading 17 unused Assets to reduce memory usage. Loaded Objects now: 3848.
Total: 2.553900 ms (FindLiveObjects: 0.271000 ms CreateObjectMapping: 0.160100 ms MarkObjects: 2.025500 ms  DeleteObjects: 0.096500 ms)

========================================================================
Received Prepare
Registering precompiled user dll's ...
Registered in 0.002606 seconds.
Begin MonoManager ReloadAssembly
Native extension for WindowsStandalone target not found
Refreshing native plugins compatible for Editor in 0.67 ms, found 2 plugins.
Preloading 0 native plugins for Editor in 0.00 ms.
Mono: successfully reloaded assembly
- Completed reload, in  0.889 seconds
Platform modules already initialized, skipping
Refreshing native plugins compatible for Editor in 0.63 ms, found 2 plugins.
Preloading 0 native plugins for Editor in 0.00 ms.
Unloading 3373 Unused Serialized files (Serialized files now loaded: 0)
System memory in use before: 136.3 MB.
System memory in use after: 136.4 MB.

Unloading 17 unused Assets to reduce memory usage. Loaded Objects now: 3852.
Total: 2.668000 ms (FindLiveObjects: 0.300700 ms CreateObjectMapping: 0.205000 ms MarkObjects: 2.059800 ms  DeleteObjects: 0.101400 ms)

========================================================================
Received Prepare
Registering precompiled user dll's ...
Registered in 0.002652 seconds.
Begin MonoManager ReloadAssembly
Native extension for WindowsStandalone target not found
Refreshing native plugins compatible for Editor in 0.60 ms, found 2 plugins.
Preloading 0 native plugins for Editor in 0.00 ms.
Mono: successfully reloaded assembly
- Completed reload, in  0.922 seconds
Platform modules already initialized, skipping
Refreshing native plugins compatible for Editor in 0.64 ms, found 2 plugins.
Preloading 0 native plugins for Editor in 0.00 ms.
Unloading 3373 Unused Serialized files (Serialized files now loaded: 0)
System memory in use before: 136.3 MB.
System memory in use after: 136.4 MB.

Unloading 17 unused Assets to reduce memory usage. Loaded Objects now: 3856.
Total: 3.099400 ms (FindLiveObjects: 0.398800 ms CreateObjectMapping: 0.392700 ms MarkObjects: 2.203200 ms  DeleteObjects: 0.103500 ms)

========================================================================
Received Import Request.
  Time since last request: 183.785761 seconds.
  path: Assets/Prefab/block1x2.prefab
  artifactKey: Guid(ef3a94a3f0d3d4148bd68031c9a094e2) Importer(815301076,1909f56bfc062723c751e8b465ee728b)
Start importing Assets/Prefab/block1x2.prefab using Guid(ef3a94a3f0d3d4148bd68031c9a094e2) Importer(815301076,1909f56bfc062723c751e8b465ee728b)  -> (artifact id: '4400f5c96a7fa668145cfe4522679d14') in 0.053271 seconds 
========================================================================
Received Import Request.
  Time since last request: 39.048217 seconds.
  path: Assets/Prefab/block2x1.prefab
  artifactKey: Guid(51e2a3d475d7638448f188bca62c8eda) Importer(815301076,1909f56bfc062723c751e8b465ee728b)
Start importing Assets/Prefab/block2x1.prefab using Guid(51e2a3d475d7638448f188bca62c8eda) Importer(815301076,1909f56bfc062723c751e8b465ee728b)  -> (artifact id: 'a9fd43d9d416b41e388e6fcb666342d9') in 0.013310 seconds 
========================================================================
Received Prepare
Registering precompiled user dll's ...
Registered in 0.002708 seconds.
Begin MonoManager ReloadAssembly
Native extension for WindowsStandalone target not found
Refreshing native plugins compatible for Editor in 0.68 ms, found 2 plugins.
Preloading 0 native plugins for Editor in 0.00 ms.
Mono: successfully reloaded assembly
- Completed reload, in  0.944 seconds
Platform modules already initialized, skipping
Refreshing native plugins compatible for Editor in 0.65 ms, found 2 plugins.
Preloading 0 native plugins for Editor in 0.00 ms.
Unloading 3373 Unused Serialized files (Serialized files now loaded: 0)
System memory in use before: 136.3 MB.
System memory in use after: 136.4 MB.

Unloading 17 unused Assets to reduce memory usage. Loaded Objects now: 3861.
Total: 2.586500 ms (FindLiveObjects: 0.325400 ms CreateObjectMapping: 0.185100 ms MarkObjects: 1.982700 ms  DeleteObjects: 0.092400 ms)

========================================================================
Received Prepare
Registering precompiled user dll's ...
Registered in 0.002915 seconds.
Begin MonoManager ReloadAssembly
Native extension for WindowsStandalone target not found
Refreshing native plugins compatible for Editor in 0.65 ms, found 2 plugins.
Preloading 0 native plugins for Editor in 0.00 ms.
Mono: successfully reloaded assembly
- Completed reload, in  0.994 seconds
Platform modules already initialized, skipping
Refreshing native plugins compatible for Editor in 0.64 ms, found 2 plugins.
Preloading 0 native plugins for Editor in 0.00 ms.
Unloading 3373 Unused Serialized files (Serialized files now loaded: 0)
System memory in use before: 136.3 MB.
System memory in use after: 136.4 MB.

Unloading 17 unused Assets to reduce memory usage. Loaded Objects now: 3865.
Total: 2.646100 ms (FindLiveObjects: 0.275400 ms CreateObjectMapping: 0.192500 ms MarkObjects: 2.085700 ms  DeleteObjects: 0.091600 ms)

========================================================================
Received Prepare
Registering precompiled user dll's ...
Registered in 0.002612 seconds.
Begin MonoManager ReloadAssembly
Native extension for WindowsStandalone target not found
Refreshing native plugins compatible for Editor in 0.62 ms, found 2 plugins.
Preloading 0 native plugins for Editor in 0.00 ms.
Mono: successfully reloaded assembly
- Completed reload, in  0.865 seconds
Platform modules already initialized, skipping
Refreshing native plugins compatible for Editor in 0.61 ms, found 2 plugins.
Preloading 0 native plugins for Editor in 0.00 ms.
Unloading 3373 Unused Serialized files (Serialized files now loaded: 0)
System memory in use before: 136.3 MB.
System memory in use after: 136.4 MB.

Unloading 17 unused Assets to reduce memory usage. Loaded Objects now: 3869.
Total: 2.449800 ms (FindLiveObjects: 0.273900 ms CreateObjectMapping: 0.175500 ms MarkObjects: 1.911200 ms  DeleteObjects: 0.088400 ms)

========================================================================
Received Prepare
Registering precompiled user dll's ...
Registered in 0.002630 seconds.
Begin MonoManager ReloadAssembly
Native extension for WindowsStandalone target not found
Refreshing native plugins compatible for Editor in 0.62 ms, found 2 plugins.
Preloading 0 native plugins for Editor in 0.00 ms.
Mono: successfully reloaded assembly
- Completed reload, in  0.872 seconds
Platform modules already initialized, skipping
Refreshing native plugins compatible for Editor in 0.60 ms, found 2 plugins.
Preloading 0 native plugins for Editor in 0.00 ms.
Unloading 3373 Unused Serialized files (Serialized files now loaded: 0)
System memory in use before: 136.3 MB.
System memory in use after: 136.4 MB.

Unloading 17 unused Assets to reduce memory usage. Loaded Objects now: 3873.
Total: 2.523000 ms (FindLiveObjects: 0.280800 ms CreateObjectMapping: 0.149200 ms MarkObjects: 1.990200 ms  DeleteObjects: 0.101900 ms)

========================================================================
Received Prepare
Registering precompiled user dll's ...
Registered in 0.002668 seconds.
Begin MonoManager ReloadAssembly
Native extension for WindowsStandalone target not found
Refreshing native plugins compatible for Editor in 0.65 ms, found 2 plugins.
Preloading 0 native plugins for Editor in 0.00 ms.
Mono: successfully reloaded assembly
- Completed reload, in  0.858 seconds
Platform modules already initialized, skipping
Refreshing native plugins compatible for Editor in 0.66 ms, found 2 plugins.
Preloading 0 native plugins for Editor in 0.00 ms.
Unloading 3373 Unused Serialized files (Serialized files now loaded: 0)
System memory in use before: 136.3 MB.
System memory in use after: 136.4 MB.

Unloading 17 unused Assets to reduce memory usage. Loaded Objects now: 3877.
Total: 2.448300 ms (FindLiveObjects: 0.271200 ms CreateObjectMapping: 0.206300 ms MarkObjects: 1.871800 ms  DeleteObjects: 0.098000 ms)

========================================================================
Received Prepare
Registering precompiled user dll's ...
Registered in 0.002897 seconds.
Begin MonoManager ReloadAssembly
Native extension for WindowsStandalone target not found
Refreshing native plugins compatible for Editor in 0.60 ms, found 2 plugins.
Preloading 0 native plugins for Editor in 0.00 ms.
Mono: successfully reloaded assembly
- Completed reload, in  0.902 seconds
Platform modules already initialized, skipping
Refreshing native plugins compatible for Editor in 0.58 ms, found 2 plugins.
Preloading 0 native plugins for Editor in 0.00 ms.
Unloading 3373 Unused Serialized files (Serialized files now loaded: 0)
System memory in use before: 136.4 MB.
System memory in use after: 136.5 MB.

Unloading 17 unused Assets to reduce memory usage. Loaded Objects now: 3881.
Total: 2.740300 ms (FindLiveObjects: 0.273000 ms CreateObjectMapping: 0.136800 ms MarkObjects: 2.221300 ms  DeleteObjects: 0.108200 ms)

========================================================================
Received Import Request.
  Time since last request: 552.487936 seconds.
  path: Assets/Prefab/block2x1.prefab
  artifactKey: Guid(51e2a3d475d7638448f188bca62c8eda) Importer(815301076,1909f56bfc062723c751e8b465ee728b)
Start importing Assets/Prefab/block2x1.prefab using Guid(51e2a3d475d7638448f188bca62c8eda) Importer(815301076,1909f56bfc062723c751e8b465ee728b)  -> (artifact id: 'b9934174eab6e2eab07576a1bf80f349') in 0.051935 seconds 
========================================================================
Received Import Request.
  Time since last request: 3.153128 seconds.
  path: Assets/Prefab/block1x2.prefab
  artifactKey: Guid(ef3a94a3f0d3d4148bd68031c9a094e2) Importer(815301076,1909f56bfc062723c751e8b465ee728b)
Start importing Assets/Prefab/block1x2.prefab using Guid(ef3a94a3f0d3d4148bd68031c9a094e2) Importer(815301076,1909f56bfc062723c751e8b465ee728b)  -> (artifact id: '062b574a96827c7b7674ed25766b2591') in 0.011328 seconds 
========================================================================
Received Import Request.
  Time since last request: 23.278174 seconds.
  path: Assets/Prefab/block2x1.prefab
  artifactKey: Guid(51e2a3d475d7638448f188bca62c8eda) Importer(815301076,1909f56bfc062723c751e8b465ee728b)
Start importing Assets/Prefab/block2x1.prefab using Guid(51e2a3d475d7638448f188bca62c8eda) Importer(815301076,1909f56bfc062723c751e8b465ee728b)  -> (artifact id: '1954bfe78e7e0245e024ceb62a021871') in 0.011735 seconds 
========================================================================
Received Import Request.
  Time since last request: 42.339945 seconds.
  path: Assets/Prefab/block1x2.prefab
  artifactKey: Guid(ef3a94a3f0d3d4148bd68031c9a094e2) Importer(815301076,1909f56bfc062723c751e8b465ee728b)
Start importing Assets/Prefab/block1x2.prefab using Guid(ef3a94a3f0d3d4148bd68031c9a094e2) Importer(815301076,1909f56bfc062723c751e8b465ee728b)  -> (artifact id: '07da23150f6147b4819b70ef4c863484') in 0.011172 seconds 
========================================================================
Received Import Request.
  Time since last request: 2.562717 seconds.
  path: Assets/BGM/New Physics Material 2D.physicsMaterial2D
  artifactKey: Guid(675e1b3d3cf879749abdb41b470167b6) Importer(815301076,1909f56bfc062723c751e8b465ee728b)
Start importing Assets/BGM/New Physics Material 2D.physicsMaterial2D using Guid(675e1b3d3cf879749abdb41b470167b6) Importer(815301076,1909f56bfc062723c751e8b465ee728b)  -> (artifact id: '381618752be52d4a1134ba94bb841d9e') in 0.009053 seconds 
========================================================================
Received Prepare
Registering precompiled user dll's ...
Registered in 0.002805 seconds.
Begin MonoManager ReloadAssembly
Native extension for WindowsStandalone target not found
Refreshing native plugins compatible for Editor in 0.66 ms, found 2 plugins.
Preloading 0 native plugins for Editor in 0.00 ms.
Mono: successfully reloaded assembly
- Completed reload, in  0.995 seconds
Platform modules already initialized, skipping
Refreshing native plugins compatible for Editor in 0.67 ms, found 2 plugins.
Preloading 0 native plugins for Editor in 0.00 ms.
Unloading 3373 Unused Serialized files (Serialized files now loaded: 0)
System memory in use before: 136.4 MB.
System memory in use after: 136.5 MB.

Unloading 17 unused Assets to reduce memory usage. Loaded Objects now: 3886.
Total: 2.803700 ms (FindLiveObjects: 0.280100 ms CreateObjectMapping: 0.172400 ms MarkObjects: 2.256500 ms  DeleteObjects: 0.094200 ms)

========================================================================
Received Prepare
Registering precompiled user dll's ...
Registered in 0.002695 seconds.
Begin MonoManager ReloadAssembly
Native extension for WindowsStandalone target not found
Refreshing native plugins compatible for Editor in 0.70 ms, found 2 plugins.
Preloading 0 native plugins for Editor in 0.00 ms.
Mono: successfully reloaded assembly
- Completed reload, in  0.942 seconds
Platform modules already initialized, skipping
Refreshing native plugins compatible for Editor in 0.61 ms, found 2 plugins.
Preloading 0 native plugins for Editor in 0.00 ms.
Unloading 3373 Unused Serialized files (Serialized files now loaded: 0)
System memory in use before: 136.4 MB.
System memory in use after: 136.5 MB.

Unloading 17 unused Assets to reduce memory usage. Loaded Objects now: 3890.
Total: 3.290200 ms (FindLiveObjects: 0.410700 ms CreateObjectMapping: 0.330000 ms MarkObjects: 2.440900 ms  DeleteObjects: 0.106900 ms)

========================================================================
Received Import Request.
  Time since last request: 128.814940 seconds.
  path: Assets/Prefab/Switch.prefab
  artifactKey: Guid(e79ba915c08b4114eb61bc66eecbd0e5) Importer(815301076,1909f56bfc062723c751e8b465ee728b)
Start importing Assets/Prefab/Switch.prefab using Guid(e79ba915c08b4114eb61bc66eecbd0e5) Importer(815301076,1909f56bfc062723c751e8b465ee728b)  -> (artifact id: '935dcccdacc4fb937339f450f834e410') in 0.053665 seconds 
========================================================================
Received Prepare
Registering precompiled user dll's ...
Registered in 0.002716 seconds.
Begin MonoManager ReloadAssembly
Native extension for WindowsStandalone target not found
Refreshing native plugins compatible for Editor in 0.62 ms, found 2 plugins.
Preloading 0 native plugins for Editor in 0.00 ms.
Mono: successfully reloaded assembly
- Completed reload, in  0.924 seconds
Platform modules already initialized, skipping
Refreshing native plugins compatible for Editor in 0.61 ms, found 2 plugins.
Preloading 0 native plugins for Editor in 0.00 ms.
Unloading 3373 Unused Serialized files (Serialized files now loaded: 0)
System memory in use before: 136.4 MB.
System memory in use after: 136.5 MB.

Unloading 17 unused Assets to reduce memory usage. Loaded Objects now: 3895.
Total: 5.167000 ms (FindLiveObjects: 0.819700 ms CreateObjectMapping: 0.613700 ms MarkObjects: 3.633700 ms  DeleteObjects: 0.098200 ms)

========================================================================
Received Import Request.
  Time since last request: 29.838979 seconds.
  path: Assets/Prefab/Switch.prefab
  artifactKey: Guid(e79ba915c08b4114eb61bc66eecbd0e5) Importer(815301076,1909f56bfc062723c751e8b465ee728b)
Start importing Assets/Prefab/Switch.prefab using Guid(e79ba915c08b4114eb61bc66eecbd0e5) Importer(815301076,1909f56bfc062723c751e8b465ee728b)  -> (artifact id: 'd8986ef020e07529b887f7c0975c106b') in 0.058615 seconds 
========================================================================
Received Prepare
Registering precompiled user dll's ...
Registered in 0.002776 seconds.
Begin MonoManager ReloadAssembly
Native extension for WindowsStandalone target not found
Refreshing native plugins compatible for Editor in 0.61 ms, found 2 plugins.
Preloading 0 native plugins for Editor in 0.00 ms.
Mono: successfully reloaded assembly
- Completed reload, in  0.915 seconds
Platform modules already initialized, skipping
Refreshing native plugins compatible for Editor in 0.67 ms, found 2 plugins.
Preloading 0 native plugins for Editor in 0.00 ms.
Unloading 3373 Unused Serialized files (Serialized files now loaded: 0)
System memory in use before: 136.4 MB.
System memory in use after: 136.5 MB.

Unloading 17 unused Assets to reduce memory usage. Loaded Objects now: 3900.
Total: 2.396900 ms (FindLiveObjects: 0.249000 ms CreateObjectMapping: 0.148100 ms MarkObjects: 1.873300 ms  DeleteObjects: 0.125700 ms)

========================================================================
Received Prepare
Registering precompiled user dll's ...
Registered in 0.002982 seconds.
Begin MonoManager ReloadAssembly
Native extension for WindowsStandalone target not found
Refreshing native plugins compatible for Editor in 0.74 ms, found 2 plugins.
Preloading 0 native plugins for Editor in 0.00 ms.
Mono: successfully reloaded assembly
- Completed reload, in  0.914 seconds
Platform modules already initialized, skipping
Refreshing native plugins compatible for Editor in 0.61 ms, found 2 plugins.
Preloading 0 native plugins for Editor in 0.00 ms.
Unloading 3373 Unused Serialized files (Serialized files now loaded: 0)
System memory in use before: 136.4 MB.
System memory in use after: 136.5 MB.

Unloading 17 unused Assets to reduce memory usage. Loaded Objects now: 3904.
Total: 2.365400 ms (FindLiveObjects: 0.267400 ms CreateObjectMapping: 0.140700 ms MarkObjects: 1.868600 ms  DeleteObjects: 0.087900 ms)

========================================================================
Received Prepare
Registering precompiled user dll's ...
Registered in 0.002724 seconds.
Begin MonoManager ReloadAssembly
Native extension for WindowsStandalone target not found
Refreshing native plugins compatible for Editor in 0.59 ms, found 2 plugins.
Preloading 0 native plugins for Editor in 0.00 ms.
Mono: successfully reloaded assembly
- Completed reload, in  0.899 seconds
Platform modules already initialized, skipping
Refreshing native plugins compatible for Editor in 0.64 ms, found 2 plugins.
Preloading 0 native plugins for Editor in 0.00 ms.
Unloading 3373 Unused Serialized files (Serialized files now loaded: 0)
System memory in use before: 136.4 MB.
System memory in use after: 136.5 MB.

Unloading 17 unused Assets to reduce memory usage. Loaded Objects now: 3908.
Total: 2.977200 ms (FindLiveObjects: 0.265500 ms CreateObjectMapping: 0.230800 ms MarkObjects: 2.360400 ms  DeleteObjects: 0.119600 ms)

========================================================================
Received Import Request.
  Time since last request: 325.245702 seconds.
  path: Assets/Prefab/Switch.prefab
  artifactKey: Guid(e79ba915c08b4114eb61bc66eecbd0e5) Importer(815301076,1909f56bfc062723c751e8b465ee728b)
Start importing Assets/Prefab/Switch.prefab using Guid(e79ba915c08b4114eb61bc66eecbd0e5) Importer(815301076,1909f56bfc062723c751e8b465ee728b)  -> (artifact id: 'a168a2c5dff47129bc6988898f85567f') in 0.056052 seconds 
========================================================================
Received Prepare
Registering precompiled user dll's ...
Registered in 0.002792 seconds.
Begin MonoManager ReloadAssembly
Native extension for WindowsStandalone target not found
Refreshing native plugins compatible for Editor in 0.60 ms, found 2 plugins.
Preloading 0 native plugins for Editor in 0.00 ms.
Mono: successfully reloaded assembly
- Completed reload, in  0.896 seconds
Platform modules already initialized, skipping
Refreshing native plugins compatible for Editor in 0.59 ms, found 2 plugins.
Preloading 0 native plugins for Editor in 0.00 ms.
Unloading 3373 Unused Serialized files (Serialized files now loaded: 0)
System memory in use before: 136.4 MB.
System memory in use after: 136.5 MB.

Unloading 17 unused Assets to reduce memory usage. Loaded Objects now: 3913.
Total: 7.112500 ms (FindLiveObjects: 0.826200 ms CreateObjectMapping: 0.602500 ms MarkObjects: 5.582700 ms  DeleteObjects: 0.099000 ms)

========================================================================
Received Import Request.
  Time since last request: 91.282963 seconds.
  path: Assets/Prefab/Switch.prefab
  artifactKey: Guid(e79ba915c08b4114eb61bc66eecbd0e5) Importer(815301076,1909f56bfc062723c751e8b465ee728b)
Start importing Assets/Prefab/Switch.prefab using Guid(e79ba915c08b4114eb61bc66eecbd0e5) Importer(815301076,1909f56bfc062723c751e8b465ee728b)  -> (artifact id: 'b23b630ce0cc10749cfa2de94fc9baf2') in 0.058584 seconds 
========================================================================
Received Import Request.
  Time since last request: 3.061171 seconds.
  path: Assets/Prefab/Switch.prefab
  artifactKey: Guid(e79ba915c08b4114eb61bc66eecbd0e5) Importer(815301076,1909f56bfc062723c751e8b465ee728b)
Start importing Assets/Prefab/Switch.prefab using Guid(e79ba915c08b4114eb61bc66eecbd0e5) Importer(815301076,1909f56bfc062723c751e8b465ee728b)  -> (artifact id: '8a1ae0ead8eb6293b86ac0cc43b2d6e0') in 0.015594 seconds 
========================================================================
Received Prepare
Registering precompiled user dll's ...
Registered in 0.002616 seconds.
Begin MonoManager ReloadAssembly
Native extension for WindowsStandalone target not found
Refreshing native plugins compatible for Editor in 0.64 ms, found 2 plugins.
Preloading 0 native plugins for Editor in 0.00 ms.
Mono: successfully reloaded assembly
- Completed reload, in  0.945 seconds
Platform modules already initialized, skipping
Refreshing native plugins compatible for Editor in 0.68 ms, found 2 plugins.
Preloading 0 native plugins for Editor in 0.00 ms.
Unloading 3373 Unused Serialized files (Serialized files now loaded: 0)
System memory in use before: 136.4 MB.
System memory in use after: 136.5 MB.

Unloading 17 unused Assets to reduce memory usage. Loaded Objects now: 3918.
Total: 2.562200 ms (FindLiveObjects: 0.265800 ms CreateObjectMapping: 0.162800 ms MarkObjects: 2.037700 ms  DeleteObjects: 0.095000 ms)

========================================================================
Received Prepare
Registering precompiled user dll's ...
Registered in 0.002585 seconds.
Begin MonoManager ReloadAssembly
Native extension for WindowsStandalone target not found
Refreshing native plugins compatible for Editor in 0.66 ms, found 2 plugins.
Preloading 0 native plugins for Editor in 0.00 ms.
Mono: successfully reloaded assembly
- Completed reload, in  0.887 seconds
Platform modules already initialized, skipping
Refreshing native plugins compatible for Editor in 0.67 ms, found 2 plugins.
Preloading 0 native plugins for Editor in 0.00 ms.
Unloading 3373 Unused Serialized files (Serialized files now loaded: 0)
System memory in use before: 136.5 MB.
System memory in use after: 136.6 MB.

Unloading 17 unused Assets to reduce memory usage. Loaded Objects now: 3922.
Total: 2.934900 ms (FindLiveObjects: 0.270300 ms CreateObjectMapping: 0.243100 ms MarkObjects: 2.325300 ms  DeleteObjects: 0.095400 ms)

========================================================================
Received Prepare
Registering precompiled user dll's ...
Registered in 0.002749 seconds.
Begin MonoManager ReloadAssembly
Native extension for WindowsStandalone target not found
Refreshing native plugins compatible for Editor in 0.59 ms, found 2 plugins.
Preloading 0 native plugins for Editor in 0.00 ms.
Mono: successfully reloaded assembly
- Completed reload, in  0.900 seconds
Platform modules already initialized, skipping
Refreshing native plugins compatible for Editor in 0.63 ms, found 2 plugins.
Preloading 0 native plugins for Editor in 0.00 ms.
Unloading 3373 Unused Serialized files (Serialized files now loaded: 0)
System memory in use before: 136.5 MB.
System memory in use after: 136.6 MB.

Unloading 17 unused Assets to reduce memory usage. Loaded Objects now: 3926.
Total: 2.957900 ms (FindLiveObjects: 0.375700 ms CreateObjectMapping: 0.199300 ms MarkObjects: 2.284000 ms  DeleteObjects: 0.097800 ms)

========================================================================
Received Prepare
Registering precompiled user dll's ...
Registered in 0.002745 seconds.
Begin MonoManager ReloadAssembly
Native extension for WindowsStandalone target not found
Refreshing native plugins compatible for Editor in 0.59 ms, found 2 plugins.
Preloading 0 native plugins for Editor in 0.00 ms.
Mono: successfully reloaded assembly
- Completed reload, in  0.886 seconds
Platform modules already initialized, skipping
Refreshing native plugins compatible for Editor in 0.70 ms, found 2 plugins.
Preloading 0 native plugins for Editor in 0.00 ms.
Unloading 3373 Unused Serialized files (Serialized files now loaded: 0)
System memory in use before: 136.5 MB.
System memory in use after: 136.6 MB.

Unloading 17 unused Assets to reduce memory usage. Loaded Objects now: 3930.
Total: 8.886800 ms (FindLiveObjects: 0.838600 ms CreateObjectMapping: 0.595600 ms MarkObjects: 7.129900 ms  DeleteObjects: 0.319500 ms)

========================================================================
Received Import Request.
  Time since last request: 573.621327 seconds.
  path: Assets/Prefab/shell.prefab
  artifactKey: Guid(dc90efefd11221e4c9e14af5e9f41b66) Importer(815301076,1909f56bfc062723c751e8b465ee728b)
Start importing Assets/Prefab/shell.prefab using Guid(dc90efefd11221e4c9e14af5e9f41b66) Importer(815301076,1909f56bfc062723c751e8b465ee728b)  -> (artifact id: 'fd11a57a4bdaae6f3e5f0b1ee1a32c1b') in 0.064347 seconds 
========================================================================
Received Prepare
Registering precompiled user dll's ...
Registered in 0.002640 seconds.
Begin MonoManager ReloadAssembly
Native extension for WindowsStandalone target not found
Refreshing native plugins compatible for Editor in 0.60 ms, found 2 plugins.
Preloading 0 native plugins for Editor in 0.00 ms.
Mono: successfully reloaded assembly
- Completed reload, in  0.886 seconds
Platform modules already initialized, skipping
Refreshing native plugins compatible for Editor in 0.61 ms, found 2 plugins.
Preloading 0 native plugins for Editor in 0.00 ms.
Unloading 3373 Unused Serialized files (Serialized files now loaded: 0)
System memory in use before: 136.5 MB.
System memory in use after: 136.6 MB.

Unloading 17 unused Assets to reduce memory usage. Loaded Objects now: 3935.
Total: 2.614000 ms (FindLiveObjects: 0.264800 ms CreateObjectMapping: 0.219700 ms MarkObjects: 2.034200 ms  DeleteObjects: 0.094500 ms)

========================================================================
Received Prepare
Registering precompiled user dll's ...
Registered in 0.002555 seconds.
Begin MonoManager ReloadAssembly
Native extension for WindowsStandalone target not found
Refreshing native plugins compatible for Editor in 0.60 ms, found 2 plugins.
Preloading 0 native plugins for Editor in 0.00 ms.
Mono: successfully reloaded assembly
- Completed reload, in  0.888 seconds
Platform modules already initialized, skipping
Refreshing native plugins compatible for Editor in 0.64 ms, found 2 plugins.
Preloading 0 native plugins for Editor in 0.00 ms.
Unloading 3373 Unused Serialized files (Serialized files now loaded: 0)
System memory in use before: 136.5 MB.
System memory in use after: 136.6 MB.

Unloading 17 unused Assets to reduce memory usage. Loaded Objects now: 3939.
Total: 3.292300 ms (FindLiveObjects: 0.562700 ms CreateObjectMapping: 0.340800 ms MarkObjects: 2.291700 ms  DeleteObjects: 0.096000 ms)

========================================================================
Received Prepare
Registering precompiled user dll's ...
Registered in 0.002602 seconds.
Begin MonoManager ReloadAssembly
Native extension for WindowsStandalone target not found
Refreshing native plugins compatible for Editor in 0.62 ms, found 2 plugins.
Preloading 0 native plugins for Editor in 0.00 ms.
Mono: successfully reloaded assembly
- Completed reload, in  0.896 seconds
Platform modules already initialized, skipping
Refreshing native plugins compatible for Editor in 0.63 ms, found 2 plugins.
Preloading 0 native plugins for Editor in 0.00 ms.
Unloading 3373 Unused Serialized files (Serialized files now loaded: 0)
System memory in use before: 136.5 MB.
System memory in use after: 136.6 MB.

Unloading 17 unused Assets to reduce memory usage. Loaded Objects now: 3943.
Total: 2.457200 ms (FindLiveObjects: 0.279800 ms CreateObjectMapping: 0.171900 ms MarkObjects: 1.912000 ms  DeleteObjects: 0.092700 ms)

========================================================================
Received Prepare
Registering precompiled user dll's ...
Registered in 0.002663 seconds.
Begin MonoManager ReloadAssembly
Native extension for WindowsStandalone target not found
Refreshing native plugins compatible for Editor in 0.59 ms, found 2 plugins.
Preloading 0 native plugins for Editor in 0.00 ms.
Mono: successfully reloaded assembly
- Completed reload, in  0.886 seconds
Platform modules already initialized, skipping
Refreshing native plugins compatible for Editor in 0.58 ms, found 2 plugins.
Preloading 0 native plugins for Editor in 0.00 ms.
Unloading 3373 Unused Serialized files (Serialized files now loaded: 0)
System memory in use before: 136.5 MB.
System memory in use after: 136.6 MB.

Unloading 17 unused Assets to reduce memory usage. Loaded Objects now: 3947.
Total: 7.455200 ms (FindLiveObjects: 0.721300 ms CreateObjectMapping: 0.549500 ms MarkObjects: 5.915500 ms  DeleteObjects: 0.265400 ms)

========================================================================
Received Import Request.
  Time since last request: 167.437094 seconds.
  path: Assets/Prefab/Enemy
  artifactKey: Guid(93ec0c8d76a32734abb5d419daef05ce) Importer(815301076,1909f56bfc062723c751e8b465ee728b)
Start importing Assets/Prefab/Enemy using Guid(93ec0c8d76a32734abb5d419daef05ce) Importer(815301076,1909f56bfc062723c751e8b465ee728b)  -> (artifact id: '640ec445a013f48e7a33a77caaccc340') in 0.011231 seconds 
========================================================================
Received Import Request.
  Time since last request: 29.632825 seconds.
  path: Assets/Image/enemy1.png
  artifactKey: Guid(8eedc5efbb39fd8419b344ddf40a1212) Importer(815301076,1909f56bfc062723c751e8b465ee728b)
Start importing Assets/Image/enemy1.png using Guid(8eedc5efbb39fd8419b344ddf40a1212) Importer(815301076,1909f56bfc062723c751e8b465ee728b)  -> (artifact id: '41c75caf82b22960b214ab0f1f2354e1') in 0.071973 seconds 
========================================================================
Received Import Request.
  Time since last request: 54.553233 seconds.
  path: Assets/Image/enemy1.controller
  artifactKey: Guid(5b74f371a37ceda4a9f013a5fa66ff8e) Importer(815301076,1909f56bfc062723c751e8b465ee728b)
Start importing Assets/Image/enemy1.controller using Guid(5b74f371a37ceda4a9f013a5fa66ff8e) Importer(815301076,1909f56bfc062723c751e8b465ee728b)  -> (artifact id: 'efb31b9e2ceeb1e7fcb7359c43a2cdf2') in 0.006060 seconds 
========================================================================
Received Import Request.
  Time since last request: 3.145172 seconds.
  path: Assets/Image/Enemy.anim
  artifactKey: Guid(2138936a109d04d4089ad61a4ec35881) Importer(815301076,1909f56bfc062723c751e8b465ee728b)
Start importing Assets/Image/Enemy.anim using Guid(2138936a109d04d4089ad61a4ec35881) Importer(815301076,1909f56bfc062723c751e8b465ee728b)  -> (artifact id: 'e1eb6b7e12a31c763754cc18fb472ea0') in 0.004199 seconds 
========================================================================
Received Import Request.
  Time since last request: 401.338499 seconds.
  path: Assets/Script/EnemyController.cs
  artifactKey: Guid(38948e7c741331d4c8e003fb4bf27220) Importer(815301076,1909f56bfc062723c751e8b465ee728b)
Start importing Assets/Script/EnemyController.cs using Guid(38948e7c741331d4c8e003fb4bf27220) Importer(815301076,1909f56bfc062723c751e8b465ee728b)  -> (artifact id: '348b384cf4d77a59747596042007c14c') in 0.013239 seconds 
========================================================================
Received Prepare
Registering precompiled user dll's ...
Registered in 0.002769 seconds.
Begin MonoManager ReloadAssembly
Native extension for WindowsStandalone target not found
Refreshing native plugins compatible for Editor in 0.74 ms, found 2 plugins.
Preloading 0 native plugins for Editor in 0.00 ms.
Mono: successfully reloaded assembly
- Completed reload, in  0.916 seconds
Platform modules already initialized, skipping
Refreshing native plugins compatible for Editor in 0.59 ms, found 2 plugins.
Preloading 0 native plugins for Editor in 0.00 ms.
Unloading 3375 Unused Serialized files (Serialized files now loaded: 0)
System memory in use before: 137.0 MB.
System memory in use after: 137.1 MB.

Unloading 17 unused Assets to reduce memory usage. Loaded Objects now: 3970.
Total: 4.960800 ms (FindLiveObjects: 0.748100 ms CreateObjectMapping: 0.604700 ms MarkObjects: 3.512300 ms  DeleteObjects: 0.094000 ms)

========================================================================
Received Import Request.
  Time since last request: 1466.914771 seconds.
  path: Assets/Script/EnemyController.cs
  artifactKey: Guid(38948e7c741331d4c8e003fb4bf27220) Importer(815301076,1909f56bfc062723c751e8b465ee728b)
Start importing Assets/Script/EnemyController.cs using Guid(38948e7c741331d4c8e003fb4bf27220) Importer(815301076,1909f56bfc062723c751e8b465ee728b)  -> (artifact id: 'c891070ff212ffdedbfcd83b77e09eaa') in 0.006005 seconds 
========================================================================
Received Prepare
Registering precompiled user dll's ...
Registered in 0.002827 seconds.
Begin MonoManager ReloadAssembly
Native extension for WindowsStandalone target not found
Refreshing native plugins compatible for Editor in 0.63 ms, found 2 plugins.
Preloading 0 native plugins for Editor in 0.00 ms.
Mono: successfully reloaded assembly
- Completed reload, in  0.888 seconds
Platform modules already initialized, skipping
Refreshing native plugins compatible for Editor in 0.59 ms, found 2 plugins.
Preloading 0 native plugins for Editor in 0.00 ms.
Unloading 3374 Unused Serialized files (Serialized files now loaded: 0)
System memory in use before: 137.0 MB.
System memory in use after: 137.1 MB.

Unloading 17 unused Assets to reduce memory usage. Loaded Objects now: 3974.
Total: 4.135200 ms (FindLiveObjects: 0.736000 ms CreateObjectMapping: 0.511900 ms MarkObjects: 2.780900 ms  DeleteObjects: 0.104800 ms)

========================================================================
Received Prepare
Registering precompiled user dll's ...
Registered in 0.003596 seconds.
Begin MonoManager ReloadAssembly
Native extension for WindowsStandalone target not found
Refreshing native plugins compatible for Editor in 0.90 ms, found 2 plugins.
Preloading 0 native plugins for Editor in 0.00 ms.
Mono: successfully reloaded assembly
- Completed reload, in  0.921 seconds
Platform modules already initialized, skipping
Refreshing native plugins compatible for Editor in 0.60 ms, found 2 plugins.
Preloading 0 native plugins for Editor in 0.00 ms.
Unloading 3374 Unused Serialized files (Serialized files now loaded: 0)
System memory in use before: 137.0 MB.
System memory in use after: 137.1 MB.

Unloading 17 unused Assets to reduce memory usage. Loaded Objects now: 3978.
Total: 4.713000 ms (FindLiveObjects: 0.782500 ms CreateObjectMapping: 0.608800 ms MarkObjects: 3.214100 ms  DeleteObjects: 0.105500 ms)

========================================================================
Received Import Request.
  Time since last request: 237.355093 seconds.
  path: Assets/Prefab/enemy.prefab
  artifactKey: Guid(4a234589d463f424e84e0df62b9d214e) Importer(815301076,1909f56bfc062723c751e8b465ee728b)
Start importing Assets/Prefab/enemy.prefab using Guid(4a234589d463f424e84e0df62b9d214e) Importer(815301076,1909f56bfc062723c751e8b465ee728b)  -> (artifact id: 'c71bdd8720025d71bb338cdb24a6299e') in 0.063676 seconds 
========================================================================
Received Import Request.
  Time since last request: 72.230952 seconds.
  path: Assets/Prefab/Canvas.prefab
  artifactKey: Guid(584c11b4c9a47b74bb4ac41237752d38) Importer(815301076,1909f56bfc062723c751e8b465ee728b)
Start importing Assets/Prefab/Canvas.prefab using Guid(584c11b4c9a47b74bb4ac41237752d38) Importer(815301076,1909f56bfc062723c751e8b465ee728b)  -> (artifact id: '7121118bd768a4e934805386f64d33f2') in 0.027678 seconds 
========================================================================
Received Prepare
Registering precompiled user dll's ...
Registered in 0.003041 seconds.
Begin MonoManager ReloadAssembly
Native extension for WindowsStandalone target not found
Refreshing native plugins compatible for Editor in 0.60 ms, found 2 plugins.
Preloading 0 native plugins for Editor in 0.00 ms.
Mono: successfully reloaded assembly
- Completed reload, in  0.867 seconds
Platform modules already initialized, skipping
Refreshing native plugins compatible for Editor in 0.66 ms, found 2 plugins.
Preloading 0 native plugins for Editor in 0.00 ms.
Unloading 3374 Unused Serialized files (Serialized files now loaded: 0)
System memory in use before: 137.6 MB.
System memory in use after: 137.7 MB.

Unloading 18 unused Assets to reduce memory usage. Loaded Objects now: 3985.
Total: 7.526300 ms (FindLiveObjects: 0.727200 ms CreateObjectMapping: 0.596400 ms MarkObjects: 5.931400 ms  DeleteObjects: 0.268400 ms)

========================================================================
Received Import Request.
  Time since last request: 34.720446 seconds.
  path: Assets/Prefab/Canvas.prefab
  artifactKey: Guid(584c11b4c9a47b74bb4ac41237752d38) Importer(815301076,1909f56bfc062723c751e8b465ee728b)
Start importing Assets/Prefab/Canvas.prefab using Guid(584c11b4c9a47b74bb4ac41237752d38) Importer(815301076,1909f56bfc062723c751e8b465ee728b)  -> (artifact id: 'ad7ceb70e69b3292e25d099523af6416') in 0.045863 seconds 
========================================================================
Received Import Request.
  Time since last request: 93.896640 seconds.
  path: Assets/Script/GameManager.cs
  artifactKey: Guid(a44948f7b95192348ad4725c154a903a) Importer(815301076,1909f56bfc062723c751e8b465ee728b)
Start importing Assets/Script/GameManager.cs using Guid(a44948f7b95192348ad4725c154a903a) Importer(815301076,1909f56bfc062723c751e8b465ee728b)  -> (artifact id: '0c403e55e879613c87521c161d13fd8a') in 0.008008 seconds 
========================================================================
Received Prepare
Registering precompiled user dll's ...
Registered in 0.002837 seconds.
Begin MonoManager ReloadAssembly
Native extension for WindowsStandalone target not found
Refreshing native plugins compatible for Editor in 0.65 ms, found 2 plugins.
Preloading 0 native plugins for Editor in 0.00 ms.
Mono: successfully reloaded assembly
- Completed reload, in  0.981 seconds
Platform modules already initialized, skipping
Refreshing native plugins compatible for Editor in 0.76 ms, found 2 plugins.
Preloading 0 native plugins for Editor in 0.00 ms.
Unloading 3374 Unused Serialized files (Serialized files now loaded: 0)
System memory in use before: 137.6 MB.
System memory in use after: 137.7 MB.

Unloading 18 unused Assets to reduce memory usage. Loaded Objects now: 3989.
Total: 3.084700 ms (FindLiveObjects: 0.350700 ms CreateObjectMapping: 0.229200 ms MarkObjects: 2.347100 ms  DeleteObjects: 0.156200 ms)

========================================================================
Received Import Request.
  Time since last request: 772.316435 seconds.
  path: Assets/Script/GameManager.cs
  artifactKey: Guid(a44948f7b95192348ad4725c154a903a) Importer(815301076,1909f56bfc062723c751e8b465ee728b)
Start importing Assets/Script/GameManager.cs using Guid(a44948f7b95192348ad4725c154a903a) Importer(815301076,1909f56bfc062723c751e8b465ee728b)  -> (artifact id: '51d75d9891468a1c4a785f6702706af5') in 0.007202 seconds 
========================================================================
Received Import Request.
  Time since last request: 37.906586 seconds.
  path: Assets/Prefab/Canvas.prefab
  artifactKey: Guid(584c11b4c9a47b74bb4ac41237752d38) Importer(815301076,1909f56bfc062723c751e8b465ee728b)
Start importing Assets/Prefab/Canvas.prefab using Guid(584c11b4c9a47b74bb4ac41237752d38) Importer(815301076,1909f56bfc062723c751e8b465ee728b)  -> (artifact id: '55be94085c726dcab1744566abd6a22f') in 0.037120 seconds 
========================================================================
Received Import Request.
  Time since last request: 16644.565453 seconds.
  path: Assets/Script/PlayerController.cs
  artifactKey: Guid(18b54352007e14e4b97657fa527bbbba) Importer(815301076,1909f56bfc062723c751e8b465ee728b)
Start importing Assets/Script/PlayerController.cs using Guid(18b54352007e14e4b97657fa527bbbba) Importer(815301076,1909f56bfc062723c751e8b465ee728b)  -> (artifact id: '648b90ea6fbc75a7d1ab900e578b0f03') in 0.008970 seconds 
========================================================================
Received Prepare
Registering precompiled user dll's ...
Registered in 0.002771 seconds.
Begin MonoManager ReloadAssembly
Native extension for WindowsStandalone target not found
Refreshing native plugins compatible for Editor in 0.64 ms, found 2 plugins.
Preloading 0 native plugins for Editor in 0.00 ms.
Mono: successfully reloaded assembly
- Completed reload, in  0.973 seconds
Platform modules already initialized, skipping
Refreshing native plugins compatible for Editor in 0.58 ms, found 2 plugins.
Preloading 0 native plugins for Editor in 0.00 ms.
Unloading 3374 Unused Serialized files (Serialized files now loaded: 0)
System memory in use before: 137.8 MB.
System memory in use after: 137.9 MB.

Unloading 18 unused Assets to reduce memory usage. Loaded Objects now: 3993.
Total: 2.593100 ms (FindLiveObjects: 0.224100 ms CreateObjectMapping: 0.116600 ms MarkObjects: 2.153100 ms  DeleteObjects: 0.098300 ms)

========================================================================
Received Import Request.
  Time since last request: 613.345346 seconds.
  path: Assets/Script/PlayerController.cs
  artifactKey: Guid(18b54352007e14e4b97657fa527bbbba) Importer(815301076,1909f56bfc062723c751e8b465ee728b)
Start importing Assets/Script/PlayerController.cs using Guid(18b54352007e14e4b97657fa527bbbba) Importer(815301076,1909f56bfc062723c751e8b465ee728b)  -> (artifact id: '35cd14615170a115ff359501046bdf96') in 0.006524 seconds 
========================================================================
Received Prepare
Registering precompiled user dll's ...
Registered in 0.002561 seconds.
Begin MonoManager ReloadAssembly
Native extension for WindowsStandalone target not found
Refreshing native plugins compatible for Editor in 0.62 ms, found 2 plugins.
Preloading 0 native plugins for Editor in 0.00 ms.
Mono: successfully reloaded assembly
- Completed reload, in  1.000 seconds
Platform modules already initialized, skipping
Refreshing native plugins compatible for Editor in 0.78 ms, found 2 plugins.
Preloading 0 native plugins for Editor in 0.00 ms.
Unloading 3374 Unused Serialized files (Serialized files now loaded: 0)
System memory in use before: 137.8 MB.
System memory in use after: 137.9 MB.

Unloading 17 unused Assets to reduce memory usage. Loaded Objects now: 3997.
Total: 3.156600 ms (FindLiveObjects: 0.329400 ms CreateObjectMapping: 0.240800 ms MarkObjects: 2.479800 ms  DeleteObjects: 0.105200 ms)

========================================================================
Received Import Request.
  Time since last request: 758.529859 seconds.
  path: Assets/Script/PlayerController.cs
  artifactKey: Guid(18b54352007e14e4b97657fa527bbbba) Importer(815301076,1909f56bfc062723c751e8b465ee728b)
Start importing Assets/Script/PlayerController.cs using Guid(18b54352007e14e4b97657fa527bbbba) Importer(815301076,1909f56bfc062723c751e8b465ee728b)  -> (artifact id: '71249e7c2eac7afbf63b1b5e81865d0a') in 0.007864 seconds 
========================================================================
Received Import Request.
  Time since last request: 30.671180 seconds.
  path: Assets/Prefab/Canvas.prefab
  artifactKey: Guid(584c11b4c9a47b74bb4ac41237752d38) Importer(815301076,1909f56bfc062723c751e8b465ee728b)
Start importing Assets/Prefab/Canvas.prefab using Guid(584c11b4c9a47b74bb4ac41237752d38) Importer(815301076,1909f56bfc062723c751e8b465ee728b)  -> (artifact id: 'd3b40fc8b0502195d36ad44a8037a1f8') in 0.037689 seconds 
========================================================================
Received Import Request.
  Time since last request: 373.545568 seconds.
  path: Assets/Prefab/Canvas.prefab
  artifactKey: Guid(584c11b4c9a47b74bb4ac41237752d38) Importer(815301076,1909f56bfc062723c751e8b465ee728b)
Start importing Assets/Prefab/Canvas.prefab using Guid(584c11b4c9a47b74bb4ac41237752d38) Importer(815301076,1909f56bfc062723c751e8b465ee728b)  -> (artifact id: '9376362f46cdca9074fa5b3c992a302e') in 0.011302 seconds 
========================================================================
Received Import Request.
  Time since last request: 192.362254 seconds.
  path: Assets/Image/VirtualPad2D 1.png
  artifactKey: Guid(88bd6bda1d82ed34db555f11bde0976f) Importer(815301076,1909f56bfc062723c751e8b465ee728b)
Start importing Assets/Image/VirtualPad2D 1.png using Guid(88bd6bda1d82ed34db555f11bde0976f) Importer(815301076,1909f56bfc062723c751e8b465ee728b)  -> (artifact id: '4e921a092f104750772dacae6f71831f') in 0.044714 seconds 
========================================================================
Received Import Request.
  Time since last request: 242.103017 seconds.
  path: Assets/Script/VirtualPad.cs
  artifactKey: Guid(e5fd323dee32f434bb143ba18ac53bcd) Importer(815301076,1909f56bfc062723c751e8b465ee728b)
Start importing Assets/Script/VirtualPad.cs using Guid(e5fd323dee32f434bb143ba18ac53bcd) Importer(815301076,1909f56bfc062723c751e8b465ee728b)  -> (artifact id: 'e7f5eeda1f502057d7f200d23f138b3f') in 0.008006 seconds 
========================================================================
Received Prepare
Registering precompiled user dll's ...
Registered in 0.002663 seconds.
Begin MonoManager ReloadAssembly
Native extension for WindowsStandalone target not found
Refreshing native plugins compatible for Editor in 0.68 ms, found 2 plugins.
Preloading 0 native plugins for Editor in 0.00 ms.
Mono: successfully reloaded assembly
- Completed reload, in  0.988 seconds
Platform modules already initialized, skipping
Refreshing native plugins compatible for Editor in 0.68 ms, found 2 plugins.
Preloading 0 native plugins for Editor in 0.00 ms.
Unloading 3375 Unused Serialized files (Serialized files now loaded: 0)
System memory in use before: 138.2 MB.
System memory in use after: 138.3 MB.

Unloading 18 unused Assets to reduce memory usage. Loaded Objects now: 4019.
Total: 3.789000 ms (FindLiveObjects: 0.360800 ms CreateObjectMapping: 0.172300 ms MarkObjects: 3.113700 ms  DeleteObjects: 0.140900 ms)

========================================================================
Received Prepare
Registering precompiled user dll's ...
Registered in 0.003523 seconds.
Begin MonoManager ReloadAssembly
Native extension for WindowsStandalone target not found
Refreshing native plugins compatible for Editor in 0.79 ms, found 2 plugins.
Preloading 0 native plugins for Editor in 0.00 ms.
Mono: successfully reloaded assembly
- Completed reload, in  0.893 seconds
Platform modules already initialized, skipping
Refreshing native plugins compatible for Editor in 0.58 ms, found 2 plugins.
Preloading 0 native plugins for Editor in 0.00 ms.
Unloading 3375 Unused Serialized files (Serialized files now loaded: 0)
System memory in use before: 138.2 MB.
System memory in use after: 138.3 MB.

Unloading 17 unused Assets to reduce memory usage. Loaded Objects now: 4023.
Total: 4.693800 ms (FindLiveObjects: 0.831900 ms CreateObjectMapping: 0.657500 ms MarkObjects: 3.070800 ms  DeleteObjects: 0.131800 ms)

========================================================================
Received Import Request.
  Time since last request: 2466.924344 seconds.
  path: Assets/Script/VirtualPad.cs
  artifactKey: Guid(e5fd323dee32f434bb143ba18ac53bcd) Importer(815301076,1909f56bfc062723c751e8b465ee728b)
Start importing Assets/Script/VirtualPad.cs using Guid(e5fd323dee32f434bb143ba18ac53bcd) Importer(815301076,1909f56bfc062723c751e8b465ee728b)  -> (artifact id: '4d7904a1275c7d0fbd23cfa09b599045') in 0.005679 seconds 
========================================================================
Received Import Request.
  Time since last request: 2.254178 seconds.
  path: Assets/Prefab/Canvas.prefab
  artifactKey: Guid(584c11b4c9a47b74bb4ac41237752d38) Importer(815301076,1909f56bfc062723c751e8b465ee728b)
Start importing Assets/Prefab/Canvas.prefab using Guid(584c11b4c9a47b74bb4ac41237752d38) Importer(815301076,1909f56bfc062723c751e8b465ee728b)  -> (artifact id: '0781f0afb27c634c2e94e9657e2448cb') in 0.041378 seconds 
========================================================================
Received Prepare
Registering precompiled user dll's ...
Registered in 0.002648 seconds.
Begin MonoManager ReloadAssembly
Native extension for WindowsStandalone target not found
Refreshing native plugins compatible for Editor in 0.61 ms, found 2 plugins.
Preloading 0 native plugins for Editor in 0.00 ms.
Mono: successfully reloaded assembly
- Completed reload, in  0.922 seconds
Platform modules already initialized, skipping
Refreshing native plugins compatible for Editor in 0.67 ms, found 2 plugins.
Preloading 0 native plugins for Editor in 0.00 ms.
Unloading 3375 Unused Serialized files (Serialized files now loaded: 0)
System memory in use before: 138.3 MB.
System memory in use after: 138.4 MB.

Unloading 18 unused Assets to reduce memory usage. Loaded Objects now: 4027.
Total: 2.377800 ms (FindLiveObjects: 0.281400 ms CreateObjectMapping: 0.128700 ms MarkObjects: 1.870000 ms  DeleteObjects: 0.096700 ms)

========================================================================
Received Import Request.
  Time since last request: 557.276742 seconds.
  path: Assets/Scenes/Stage1.unity
  artifactKey: Guid(2cda990e2423bbf4892e6590ba056729) Importer(815301076,1909f56bfc062723c751e8b465ee728b)
Start importing Assets/Scenes/Stage1.unity using Guid(2cda990e2423bbf4892e6590ba056729) Importer(815301076,1909f56bfc062723c751e8b465ee728b)  -> (artifact id: '78fae9e79c891425bb4da4dba63fec0a') in 0.018034 seconds 
========================================================================
Received Import Request.
  Time since last request: 68.016380 seconds.
  path: Assets/Scenes/Stage2.unity
  artifactKey: Guid(df2d3d9dbc9eace4782dbfedc4126452) Importer(815301076,1909f56bfc062723c751e8b465ee728b)
Start importing Assets/Scenes/Stage2.unity using Guid(df2d3d9dbc9eace4782dbfedc4126452) Importer(815301076,1909f56bfc062723c751e8b465ee728b)  -> (artifact id: '9735bd318e311781f46419d61942e008') in 0.009078 seconds 
========================================================================
Received Import Request.
  Time since last request: 52.137264 seconds.
  path: Assets/Prefab/Main Camera.prefab
  artifactKey: Guid(8cdb673edc29eef4e919ed4a18a5397f) Importer(815301076,1909f56bfc062723c751e8b465ee728b)
Start importing Assets/Prefab/Main Camera.prefab using Guid(8cdb673edc29eef4e919ed4a18a5397f) Importer(815301076,1909f56bfc062723c751e8b465ee728b)  -> (artifact id: '1b1476c8fdcf3ee7f655ed0211d0adfa') in 0.051925 seconds 
========================================================================
Received Import Request.
  Time since last request: 22.652060 seconds.
  path: Assets/Prefab/Canvas.prefab
  artifactKey: Guid(584c11b4c9a47b74bb4ac41237752d38) Importer(815301076,1909f56bfc062723c751e8b465ee728b)
Start importing Assets/Prefab/Canvas.prefab using Guid(584c11b4c9a47b74bb4ac41237752d38) Importer(815301076,1909f56bfc062723c751e8b465ee728b)  -> (artifact id: '22a5229f09a9f58b794b0e8f5a33957b') in 0.030339 seconds 
========================================================================
Received Import Request.
  Time since last request: 24.744468 seconds.
  path: Assets/Prefab/SubScreen.prefab
  artifactKey: Guid(e96cc800bcb938f488f51553acaba8d1) Importer(815301076,1909f56bfc062723c751e8b465ee728b)
Start importing Assets/Prefab/SubScreen.prefab using Guid(e96cc800bcb938f488f51553acaba8d1) Importer(815301076,1909f56bfc062723c751e8b465ee728b)  -> (artifact id: 'b7b2ff4ead5235b2b24dd3e7cce79be2') in 0.021858 seconds 
========================================================================
Received Prepare
Registering precompiled user dll's ...
Registered in 0.002740 seconds.
Begin MonoManager ReloadAssembly
Native extension for WindowsStandalone target not found
Refreshing native plugins compatible for Editor in 0.60 ms, found 2 plugins.
Preloading 0 native plugins for Editor in 0.00 ms.
Mono: successfully reloaded assembly
- Completed reload, in  0.878 seconds
Platform modules already initialized, skipping
Refreshing native plugins compatible for Editor in 0.63 ms, found 2 plugins.
Preloading 0 native plugins for Editor in 0.00 ms.
Unloading 3375 Unused Serialized files (Serialized files now loaded: 0)
System memory in use before: 138.3 MB.
System memory in use after: 138.4 MB.

Unloading 18 unused Assets to reduce memory usage. Loaded Objects now: 4032.
Total: 3.783800 ms (FindLiveObjects: 0.319400 ms CreateObjectMapping: 0.226300 ms MarkObjects: 3.111100 ms  DeleteObjects: 0.125800 ms)

========================================================================
Received Import Request.
  Time since last request: 721.367118 seconds.
  path: Assets/Scenes/Stage2.unity
  artifactKey: Guid(df2d3d9dbc9eace4782dbfedc4126452) Importer(815301076,1909f56bfc062723c751e8b465ee728b)
Start importing Assets/Scenes/Stage2.unity using Guid(df2d3d9dbc9eace4782dbfedc4126452) Importer(815301076,1909f56bfc062723c751e8b465ee728b)  -> (artifact id: '5dc9fdf881809af0e3b16a963226f1ff') in 0.015115 seconds 
========================================================================
Received Import Request.
  Time since last request: 28.228692 seconds.
  path: Assets/Scenes/Stage1.unity
  artifactKey: Guid(2cda990e2423bbf4892e6590ba056729) Importer(815301076,1909f56bfc062723c751e8b465ee728b)
Start importing Assets/Scenes/Stage1.unity using Guid(2cda990e2423bbf4892e6590ba056729) Importer(815301076,1909f56bfc062723c751e8b465ee728b)  -> (artifact id: '4995c60d5cbe3c0993efda080e0a4d19') in 0.005446 seconds 
========================================================================
Received Prepare
Registering precompiled user dll's ...
Registered in 0.002732 seconds.
Begin MonoManager ReloadAssembly
Native extension for WindowsStandalone target not found
Refreshing native plugins compatible for Editor in 0.66 ms, found 2 plugins.
Preloading 0 native plugins for Editor in 0.00 ms.
Mono: successfully reloaded assembly
- Completed reload, in  0.906 seconds
Platform modules already initialized, skipping
Refreshing native plugins compatible for Editor in 0.60 ms, found 2 plugins.
Preloading 0 native plugins for Editor in 0.00 ms.
Unloading 3375 Unused Serialized files (Serialized files now loaded: 0)
System memory in use before: 138.3 MB.
System memory in use after: 138.4 MB.

Unloading 17 unused Assets to reduce memory usage. Loaded Objects now: 4036.
Total: 2.610700 ms (FindLiveObjects: 0.294000 ms CreateObjectMapping: 0.170300 ms MarkObjects: 2.051000 ms  DeleteObjects: 0.094600 ms)

========================================================================
Received Prepare
Registering precompiled user dll's ...
Registered in 0.002720 seconds.
Begin MonoManager ReloadAssembly
Native extension for WindowsStandalone target not found
Refreshing native plugins compatible for Editor in 0.63 ms, found 2 plugins.
Preloading 0 native plugins for Editor in 0.00 ms.
Mono: successfully reloaded assembly
- Completed reload, in  0.891 seconds
Platform modules already initialized, skipping
Refreshing native plugins compatible for Editor in 0.65 ms, found 2 plugins.
Preloading 0 native plugins for Editor in 0.00 ms.
Unloading 3375 Unused Serialized files (Serialized files now loaded: 0)
System memory in use before: 138.3 MB.
System memory in use after: 138.4 MB.

Unloading 17 unused Assets to reduce memory usage. Loaded Objects now: 4040.
Total: 2.557500 ms (FindLiveObjects: 0.315800 ms CreateObjectMapping: 0.171800 ms MarkObjects: 1.958500 ms  DeleteObjects: 0.110300 ms)

========================================================================
Received Prepare
Registering precompiled user dll's ...
Registered in 0.002572 seconds.
Begin MonoManager ReloadAssembly
Native extension for WindowsStandalone target not found
Refreshing native plugins compatible for Editor in 0.60 ms, found 2 plugins.
Preloading 0 native plugins for Editor in 0.00 ms.
Mono: successfully reloaded assembly
- Completed reload, in  0.886 seconds
Platform modules already initialized, skipping
Refreshing native plugins compatible for Editor in 0.68 ms, found 2 plugins.
Preloading 0 native plugins for Editor in 0.00 ms.
Unloading 3375 Unused Serialized files (Serialized files now loaded: 0)
System memory in use before: 138.3 MB.
System memory in use after: 138.4 MB.

Unloading 17 unused Assets to reduce memory usage. Loaded Objects now: 4044.
Total: 3.960600 ms (FindLiveObjects: 0.302200 ms CreateObjectMapping: 0.201100 ms MarkObjects: 3.303500 ms  DeleteObjects: 0.152800 ms)

========================================================================
Received Prepare
Registering precompiled user dll's ...
Registered in 0.002638 seconds.
Begin MonoManager ReloadAssembly
Native extension for WindowsStandalone target not found
Refreshing native plugins compatible for Editor in 0.68 ms, found 2 plugins.
Preloading 0 native plugins for Editor in 0.00 ms.
Mono: successfully reloaded assembly
- Completed reload, in  0.886 seconds
Platform modules already initialized, skipping
Refreshing native plugins compatible for Editor in 0.63 ms, found 2 plugins.
Preloading 0 native plugins for Editor in 0.00 ms.
Unloading 3375 Unused Serialized files (Serialized files now loaded: 0)
System memory in use before: 138.3 MB.
System memory in use after: 138.4 MB.

Unloading 17 unused Assets to reduce memory usage. Loaded Objects now: 4048.
Total: 2.600300 ms (FindLiveObjects: 0.298500 ms CreateObjectMapping: 0.190400 ms MarkObjects: 2.015800 ms  DeleteObjects: 0.094900 ms)

========================================================================
Received Prepare
Registering precompiled user dll's ...
Registered in 0.002601 seconds.
Begin MonoManager ReloadAssembly
Native extension for WindowsStandalone target not found
Refreshing native plugins compatible for Editor in 0.61 ms, found 2 plugins.
Preloading 0 native plugins for Editor in 0.00 ms.
Mono: successfully reloaded assembly
- Completed reload, in  0.889 seconds
Platform modules already initialized, skipping
Refreshing native plugins compatible for Editor in 0.66 ms, found 2 plugins.
Preloading 0 native plugins for Editor in 0.00 ms.
Unloading 3375 Unused Serialized files (Serialized files now loaded: 0)
System memory in use before: 138.3 MB.
System memory in use after: 138.4 MB.

Unloading 17 unused Assets to reduce memory usage. Loaded Objects now: 4052.
Total: 2.498000 ms (FindLiveObjects: 0.292600 ms CreateObjectMapping: 0.172600 ms MarkObjects: 1.933000 ms  DeleteObjects: 0.098900 ms)

========================================================================
Received Prepare
Registering precompiled user dll's ...
Registered in 0.002694 seconds.
Begin MonoManager ReloadAssembly
Native extension for WindowsStandalone target not found
Refreshing native plugins compatible for Editor in 0.65 ms, found 2 plugins.
Preloading 0 native plugins for Editor in 0.00 ms.
Mono: successfully reloaded assembly
- Completed reload, in  0.983 seconds
Platform modules already initialized, skipping
Refreshing native plugins compatible for Editor in 0.63 ms, found 2 plugins.
Preloading 0 native plugins for Editor in 0.00 ms.
Unloading 3375 Unused Serialized files (Serialized files now loaded: 0)
System memory in use before: 138.3 MB.
System memory in use after: 138.4 MB.

Unloading 17 unused Assets to reduce memory usage. Loaded Objects now: 4056.
Total: 2.957600 ms (FindLiveObjects: 0.301800 ms CreateObjectMapping: 0.175800 ms MarkObjects: 2.372100 ms  DeleteObjects: 0.106700 ms)

========================================================================
Received Import Request.
  Time since last request: 263.258146 seconds.
  path: Assets/Scenes/Stage2.unity
  artifactKey: Guid(df2d3d9dbc9eace4782dbfedc4126452) Importer(815301076,1909f56bfc062723c751e8b465ee728b)
Start importing Assets/Scenes/Stage2.unity using Guid(df2d3d9dbc9eace4782dbfedc4126452) Importer(815301076,1909f56bfc062723c751e8b465ee728b)  -> (artifact id: 'b7348259ffd312fe02dbe8c34b261eb3') in 0.013489 seconds 
========================================================================
Received Prepare
Registering precompiled user dll's ...
Registered in 0.002679 seconds.
Begin MonoManager ReloadAssembly
Native extension for WindowsStandalone target not found
Refreshing native plugins compatible for Editor in 0.64 ms, found 2 plugins.
Preloading 0 native plugins for Editor in 0.00 ms.
Mono: successfully reloaded assembly
- Completed reload, in  0.912 seconds
Platform modules already initialized, skipping
Refreshing native plugins compatible for Editor in 0.59 ms, found 2 plugins.
Preloading 0 native plugins for Editor in 0.00 ms.
Unloading 3375 Unused Serialized files (Serialized files now loaded: 0)
System memory in use before: 138.4 MB.
System memory in use after: 138.5 MB.

Unloading 17 unused Assets to reduce memory usage. Loaded Objects now: 4060.
Total: 8.553100 ms (FindLiveObjects: 0.800500 ms CreateObjectMapping: 0.635600 ms MarkObjects: 6.813200 ms  DeleteObjects: 0.300900 ms)

========================================================================
Received Import Request.
  Time since last request: 137.664984 seconds.
  path: Assets/Scenes/Stage1.unity
  artifactKey: Guid(2cda990e2423bbf4892e6590ba056729) Importer(815301076,1909f56bfc062723c751e8b465ee728b)
Start importing Assets/Scenes/Stage1.unity using Guid(2cda990e2423bbf4892e6590ba056729) Importer(815301076,1909f56bfc062723c751e8b465ee728b)  -> (artifact id: '377f8280347a232324ce4ce73a4616b0') in 0.014878 seconds 
========================================================================
Received Prepare
Registering precompiled user dll's ...
Registered in 0.002631 seconds.
Begin MonoManager ReloadAssembly
Native extension for WindowsStandalone target not found
Refreshing native plugins compatible for Editor in 0.61 ms, found 2 plugins.
Preloading 0 native plugins for Editor in 0.00 ms.
Mono: successfully reloaded assembly
- Completed reload, in  0.883 seconds
Platform modules already initialized, skipping
Refreshing native plugins compatible for Editor in 0.63 ms, found 2 plugins.
Preloading 0 native plugins for Editor in 0.00 ms.
Unloading 3375 Unused Serialized files (Serialized files now loaded: 0)
System memory in use before: 138.4 MB.
System memory in use after: 138.5 MB.

Unloading 17 unused Assets to reduce memory usage. Loaded Objects now: 4064.
Total: 2.840700 ms (FindLiveObjects: 0.300200 ms CreateObjectMapping: 0.179500 ms MarkObjects: 2.256000 ms  DeleteObjects: 0.104000 ms)

========================================================================
Received Prepare
Registering precompiled user dll's ...
Registered in 0.002710 seconds.
Begin MonoManager ReloadAssembly
Native extension for WindowsStandalone target not found
Refreshing native plugins compatible for Editor in 0.61 ms, found 2 plugins.
Preloading 0 native plugins for Editor in 0.00 ms.
Mono: successfully reloaded assembly
- Completed reload, in  0.904 seconds
Platform modules already initialized, skipping
Refreshing native plugins compatible for Editor in 0.68 ms, found 2 plugins.
Preloading 0 native plugins for Editor in 0.00 ms.
Unloading 3375 Unused Serialized files (Serialized files now loaded: 0)
System memory in use before: 138.4 MB.
System memory in use after: 138.5 MB.

Unloading 17 unused Assets to reduce memory usage. Loaded Objects now: 4068.
Total: 2.538800 ms (FindLiveObjects: 0.281700 ms CreateObjectMapping: 0.157800 ms MarkObjects: 2.003400 ms  DeleteObjects: 0.095000 ms)

========================================================================
Received Prepare
Registering precompiled user dll's ...
Registered in 0.002954 seconds.
Begin MonoManager ReloadAssembly
Native extension for WindowsStandalone target not found
Refreshing native plugins compatible for Editor in 0.59 ms, found 2 plugins.
Preloading 0 native plugins for Editor in 0.00 ms.
Mono: successfully reloaded assembly
- Completed reload, in  0.919 seconds
Platform modules already initialized, skipping
Refreshing native plugins compatible for Editor in 0.59 ms, found 2 plugins.
Preloading 0 native plugins for Editor in 0.00 ms.
Unloading 3375 Unused Serialized files (Serialized files now loaded: 0)
System memory in use before: 138.4 MB.
System memory in use after: 138.5 MB.

Unloading 17 unused Assets to reduce memory usage. Loaded Objects now: 4072.
Total: 3.113000 ms (FindLiveObjects: 0.268200 ms CreateObjectMapping: 0.177900 ms MarkObjects: 2.573000 ms  DeleteObjects: 0.092900 ms)

========================================================================
Received Prepare
Registering precompiled user dll's ...
Registered in 0.002897 seconds.
Begin MonoManager ReloadAssembly
Native extension for WindowsStandalone target not found
Refreshing native plugins compatible for Editor in 0.59 ms, found 2 plugins.
Preloading 0 native plugins for Editor in 0.00 ms.
Mono: successfully reloaded assembly
- Completed reload, in  0.928 seconds
Platform modules already initialized, skipping
Refreshing native plugins compatible for Editor in 0.61 ms, found 2 plugins.
Preloading 0 native plugins for Editor in 0.00 ms.
Unloading 3375 Unused Serialized files (Serialized files now loaded: 0)
System memory in use before: 138.4 MB.
System memory in use after: 138.5 MB.

Unloading 17 unused Assets to reduce memory usage. Loaded Objects now: 4076.
Total: 2.596300 ms (FindLiveObjects: 0.280300 ms CreateObjectMapping: 0.162400 ms MarkObjects: 2.059600 ms  DeleteObjects: 0.093300 ms)

========================================================================
Received Prepare
Registering precompiled user dll's ...
Registered in 0.002685 seconds.
Begin MonoManager ReloadAssembly
Native extension for WindowsStandalone target not found
Refreshing native plugins compatible for Editor in 0.59 ms, found 2 plugins.
Preloading 0 native plugins for Editor in 0.00 ms.
Mono: successfully reloaded assembly
- Completed reload, in  0.871 seconds
Platform modules already initialized, skipping
Refreshing native plugins compatible for Editor in 0.62 ms, found 2 plugins.
Preloading 0 native plugins for Editor in 0.00 ms.
Unloading 3375 Unused Serialized files (Serialized files now loaded: 0)
System memory in use before: 138.4 MB.
System memory in use after: 138.5 MB.

Unloading 17 unused Assets to reduce memory usage. Loaded Objects now: 4080.
Total: 3.080500 ms (FindLiveObjects: 0.289000 ms CreateObjectMapping: 0.169600 ms MarkObjects: 2.532800 ms  DeleteObjects: 0.088400 ms)

AssetImportWorkerClient::OnTransportError - code=2 error=End of file
